d:\gj\02_work\02_github\work\201509_mcg\elearningproj_wu\courselauncher.jp\debug\vc120.pdb
d:\gj\02_work\02_github\work\201509_mcg\elearningproj_wu\courselauncher.jp\debug\vc120.idb
d:\gj\02_work\02_github\work\201509_mcg\elearningproj_wu\courselauncher.jp\debug\dlginputscorninfo.obj
d:\gj\02_work\02_github\work\201509_mcg\elearningproj_wu\courselauncher.jp\debug\dlglaunchok.obj
d:\gj\02_work\02_github\work\201509_mcg\elearningproj_wu\courselauncher.jp\debug\dlgoption.obj
d:\gj\02_work\02_github\work\201509_mcg\elearningproj_wu\courselauncher.jp\debug\dlgprogress.obj
d:\gj\02_work\02_github\work\201509_mcg\elearningproj_wu\courselauncher.jp\debug\dlgregenindex.obj
d:\gj\02_work\02_github\work\201509_mcg\elearningproj_wu\courselauncher.jp\debug\dlgseltype.obj
d:\gj\02_work\02_github\work\201509_mcg\elearningproj_wu\courselauncher.jp\debug\dlgsql.obj
d:\gj\02_work\02_github\work\201509_mcg\elearningproj_wu\courselauncher.jp\debug\dlgtranscourse.obj
d:\gj\02_work\02_github\work\201509_mcg\elearningproj_wu\courselauncher.jp\debug\dlgtypeset.obj
d:\gj\02_work\02_github\work\201509_mcg\elearningproj_wu\courselauncher.jp\debug\dlgviewselect.obj
d:\gj\02_work\02_github\work\201509_mcg\elearningproj_wu\courselauncher.jp\debug\encodeapi.obj
d:\gj\02_work\02_github\work\201509_mcg\elearningproj_wu\courselauncher.jp\debug\grdapi.obj
d:\gj\02_work\02_github\work\201509_mcg\elearningproj_wu\courselauncher.jp\debug\gridctrl.obj
d:\gj\02_work\02_github\work\201509_mcg\elearningproj_wu\courselauncher.jp\debug\pagemediaserver.obj
d:\gj\02_work\02_github\work\201509_mcg\elearningproj_wu\courselauncher.jp\debug\pagewebserver.obj
d:\gj\02_work\02_github\work\201509_mcg\elearningproj_wu\courselauncher.jp\debug\progresswnd.obj
d:\gj\02_work\02_github\work\201509_mcg\elearningproj_wu\courselauncher.jp\debug\sheetsetting.obj
d:\gj\02_work\02_github\work\201509_mcg\elearningproj_wu\courselauncher.jp\debug\stdafx.obj
d:\gj\02_work\02_github\work\201509_mcg\elearningproj_wu\courselauncher.jp\debug\textprogressctrl.obj
d:\gj\02_work\02_github\work\201509_mcg\elearningproj_wu\courselauncher.jp\debug\uigrid.obj
d:\gj\02_work\02_github\work\201509_mcg\elearningproj_wu\courselauncher.jp\debug\bmpapi.obj
d:\gj\02_work\02_github\work\201509_mcg\elearningproj_wu\courselauncher.jp\debug\bmpbtn.obj
d:\gj\02_work\02_github\work\201509_mcg\elearningproj_wu\courselauncher.jp\debug\cmkapi.obj
d:\gj\02_work\02_github\work\201509_mcg\elearningproj_wu\courselauncher.jp\debug\colgrid.obj
d:\gj\02_work\02_github\work\201509_mcg\elearningproj_wu\courselauncher.jp\debug\courseloader.obj
d:\gj\02_work\02_github\work\201509_mcg\elearningproj_wu\courselauncher.jp\debug\courseloaderdlg.obj
d:\gj\02_work\02_github\work\201509_mcg\elearningproj_wu\courselauncher.jp\debug\cscorm.obj
d:\gj\02_work\02_github\work\201509_mcg\elearningproj_wu\courselauncher.jp\debug\databrowsewnd.obj
d:\gj\02_work\02_github\work\201509_mcg\elearningproj_wu\courselauncher.jp\debug\dlgaskcoursedup.obj
d:\gj\02_work\02_github\work\201509_mcg\elearningproj_wu\courselauncher.jp\debug\dlgasktype.obj
d:\gj\02_work\02_github\work\201509_mcg\elearningproj_wu\courselauncher.jp\debug\dlgcoursedupftp.obj
d:\gj\02_work\02_github\work\201509_mcg\elearningproj_wu\courselauncher.jp\debug\dlginputprofilename.obj
d:\gj\02_work\02_github\work\201509_mcg\elearningproj_wu\elearningtitle.jp\bin\courselauncher.ilk
d:\gj\02_work\02_github\work\201509_mcg\elearningproj_wu\elearningtitle.jp\bin\courselauncher.exe
d:\gj\02_work\02_github\work\201509_mcg\elearningproj_wu\courselauncher.jp\debug\courseloader.pdb
d:\gj\02_work\02_github\work\201509_mcg\elearningproj_wu\courselauncher.jp\debug\courseloader.res
d:\gj\02_work\02_github\work\201509_mcg\elearningproj_wu\courselauncher.jp\debug\courseloader.tlog\cl.command.1.tlog
d:\gj\02_work\02_github\work\201509_mcg\elearningproj_wu\courselauncher.jp\debug\courseloader.tlog\cl.read.1.tlog
d:\gj\02_work\02_github\work\201509_mcg\elearningproj_wu\courselauncher.jp\debug\courseloader.tlog\cl.write.1.tlog
d:\gj\02_work\02_github\work\201509_mcg\elearningproj_wu\courselauncher.jp\debug\courseloader.tlog\link.command.1.tlog
d:\gj\02_work\02_github\work\201509_mcg\elearningproj_wu\courselauncher.jp\debug\courseloader.tlog\link.read.1.tlog
d:\gj\02_work\02_github\work\201509_mcg\elearningproj_wu\courselauncher.jp\debug\courseloader.tlog\link.write.1.tlog
d:\gj\02_work\02_github\work\201509_mcg\elearningproj_wu\courselauncher.jp\debug\courseloader.tlog\rc.command.1.tlog
d:\gj\02_work\02_github\work\201509_mcg\elearningproj_wu\courselauncher.jp\debug\courseloader.tlog\rc.read.1.tlog
d:\gj\02_work\02_github\work\201509_mcg\elearningproj_wu\courselauncher.jp\debug\courseloader.tlog\rc.write.1.tlog
